<?xml version="1.0" encoding="UTF-8"?>
<!-- Generated by org.testng.reporters.JUnitReportReporter -->
<testsuite hostname="DESKTOP-07GBU06" failures="0" tests="1" name="com.project.LoginPage_Automation.loginPage" time="18.370" errors="0" timestamp="27 May 2022 13:45:16 GMT" skipped="0">
  <testcase classname="com.project.LoginPage_Automation.loginPage" name="login" time="18.370"/>
</testsuite> <!-- com.project.LoginPage_Automation.loginPage -->
